<?xml version="1.0" encoding="UTF-8"?>
<testsuite name="TestSuite" time="1.04" tests="11" errors="0" skipped="0" failures="0">
  <properties>
[...]
</properties>
  <testcase name="eTest003" classname="tests.GoogleTests" time="1.019"/>
  <testcase name="login" classname="tests.GoogleTests" time="0.002"/>
  <testcase name="login" classname="tests.GoogleTests" time="0.002"/>
  <testcase name="login" classname="tests.GoogleTests" time="0.002"/>
  <testcase name="testAssertions" classname="tests.GoogleTests" time="0.014"/>
  <testcase name="cTest002" classname="tests.GoogleTests" time="0"/>
  <testcase name="aTest001" classname="tests.GoogleTests" time="0.001"/>
  <testcase name="aTest001" classname="tests.GoogleTests" time="0"/>
  <testcase name="aTest001" classname="tests.GoogleTests" time="0"/>
  <testcase name="dTest004" classname="tests.GoogleTests" time="0"/>
  <testcase name="bTest005" classname="tests.GoogleTests" time="0.004"/>
</testsuite>