<?xml version="1.0" encoding="UTF-8"?>
<!-- Generated by org.testng.reporters.JUnitXMLReporter -->
<testsuite ignored="0" hostname="DESKTOP-JOKB8D4" failures="0" tests="11" name="tests1" time="1.206" errors="0" timestamp="2022-10-22T12:37:17 GMT-04:00">
  <testcase classname="tests.GoogleTests" name="eTest003" time="1.018"/>
  <testcase classname="tests.GoogleTests" name="login" time="0.006"/>
  <testcase classname="tests.GoogleTests" name="login" time="0.001"/>
  <testcase classname="tests.GoogleTests" name="login" time="0.002"/>
  <testcase classname="tests.GoogleTests" name="testAssertions" time="0.014"/>
  <testcase classname="tests.GoogleTests" name="cTest002" time="0.001"/>
  <testcase classname="tests.GoogleTests" name="aTest001" time="0.0"/>
  <testcase classname="tests.GoogleTests" name="aTest001" time="0.0"/>
  <testcase classname="tests.GoogleTests" name="aTest001" time="0.0"/>
  <testcase classname="tests.GoogleTests" name="dTest004" time="0.001"/>
  <testcase classname="tests.GoogleTests" name="bTest005" time="0.0"/>
</testsuite> <!-- tests1 -->
